<?xml version="1.0" encoding="UTF-8"?>
<!-- Generated by org.testng.reporters.JUnitReportReporter -->
<testsuite hostname="DESKTOP-UUGSSKP" failures="0" tests="3" name="testcases.homepagetest" time="4.302" errors="0" timestamp="2021-01-21T17:14:58 EST" skipped="0">
  <testcase classname="testcases.homepagetest" name="homepage" time="3.580"/>
  <system-out/>
  <testcase classname="testcases.homepagetest" name="login" time="0.089"/>
  <system-out/>
  <testcase classname="testcases.homepagetest" name="login_nav" time="0.633"/>
  <system-out/>
</testsuite> <!-- testcases.homepagetest -->
