<?xml version="1.0" encoding="UTF-8"?>
<!-- Generated by org.testng.reporters.JUnitReportReporter -->
<testsuite hostname="DESKTOP-UUGSSKP" failures="0" tests="3" name="testcases.loginpagetest" time="9.007" errors="0" timestamp="2021-01-21T17:14:58 EST" skipped="0">
  <testcase classname="testcases.loginpagetest" name="loginpage" time="0.058"/>
  <system-out/>
  <testcase classname="testcases.loginpagetest" name="logintest" time="7.176"/>
  <system-out/>
  <testcase classname="testcases.loginpagetest" name="logintest" time="1.773"/>
  <system-out/>
</testsuite> <!-- testcases.loginpagetest -->
