<?xml version="1.0" encoding="UTF-8"?>
<!-- Generated by org.testng.reporters.JUnitReportReporter -->
<testsuite hostname="DESKTOP-UUGSSKP" failures="0" tests="9" name="testRunners.testRunner" time="36.462" errors="0" timestamp="2021-01-10T15:33:05 EST" skipped="0">
  <testcase classname="testRunners.testRunner" name="runScenario" time="8.820"/>
  <system-out/>
  <testcase classname="testRunners.testRunner" name="runScenario" time="0.169"/>
  <system-out/>
  <testcase classname="testRunners.testRunner" name="runScenario" time="2.005"/>
  <system-out/>
  <testcase classname="testRunners.testRunner" name="runScenario" time="8.729"/>
  <system-out/>
  <testcase classname="testRunners.testRunner" name="runScenario" time="1.519"/>
  <system-out/>
  <testcase classname="testRunners.testRunner" name="runScenario" time="14.239"/>
  <system-out/>
  <testcase classname="testRunners.testRunner" name="runScenario" time="0.154"/>
  <system-out/>
  <testcase classname="testRunners.testRunner" name="runScenario" time="0.101"/>
  <system-out/>
  <testcase classname="testRunners.testRunner" name="runScenario" time="0.726"/>
  <system-out/>
</testsuite> <!-- testRunners.testRunner -->
