<?xml version="1.0" encoding="UTF-8"?>
<!-- Generated by org.testng.reporters.JUnitReportReporter -->
<testsuite hostname="DESKTOP-UUGSSKP" failures="0" tests="9" name="CukeTestngFrwk.testRunner" time="33.407" errors="0" timestamp="2021-01-10T16:21:47 EST" skipped="0">
  <testcase classname="CukeTestngFrwk.testRunner" name="runScenario" time="7.737"/>
  <system-out/>
  <testcase classname="CukeTestngFrwk.testRunner" name="runScenario" time="0.181"/>
  <system-out/>
  <testcase classname="CukeTestngFrwk.testRunner" name="runScenario" time="6.684"/>
  <system-out/>
  <testcase classname="CukeTestngFrwk.testRunner" name="runScenario" time="1.428"/>
  <system-out/>
  <testcase classname="CukeTestngFrwk.testRunner" name="runScenario" time="0.124"/>
  <system-out/>
  <testcase classname="CukeTestngFrwk.testRunner" name="runScenario" time="0.768"/>
  <system-out/>
  <testcase classname="CukeTestngFrwk.testRunner" name="runScenario" time="13.655"/>
  <system-out/>
  <testcase classname="CukeTestngFrwk.testRunner" name="runScenario" time="0.744"/>
  <system-out/>
  <testcase classname="CukeTestngFrwk.testRunner" name="runScenario" time="2.086"/>
  <system-out/>
</testsuite> <!-- CukeTestngFrwk.testRunner -->
