<?xml version="1.0" encoding="UTF-8"?>
<!-- Generated by org.testng.reporters.JUnitReportReporter -->
<testsuite hostname="DESKTOP-UUGSSKP" failures="0" tests="2" name="testcases.servicestest" time="11.770" errors="0" timestamp="2021-01-21T17:14:58 EST" skipped="0">
  <testcase classname="testcases.servicestest" name="allservices" time="0.048"/>
  <system-out/>
  <testcase classname="testcases.servicestest" name="addproducts" time="11.722"/>
  <system-out/>
</testsuite> <!-- testcases.servicestest -->
