<?xml version="1.0" encoding="UTF-8"?>
<!-- Generated by org.testng.reporters.JUnitReportReporter -->
<testsuite hostname="DESKTOP-UUGSSKP" failures="0" tests="3" name="homepage.homepagetest" time="7.203" errors="0" timestamp="2021-01-04T19:39:03 EST" skipped="0">
  <testcase classname="homepage.homepagetest" name="homepage" time="3.897"/>
  <system-out/>
  <testcase classname="homepage.homepagetest" name="login" time="0.077"/>
  <system-out/>
  <testcase classname="homepage.homepagetest" name="login_nav" time="3.229"/>
  <system-out/>
</testsuite> <!-- homepage.homepagetest -->
