<?xml version="1.0" encoding="UTF-8"?>
<!-- Generated by org.testng.reporters.JUnitReportReporter -->
<testsuite hostname="DESKTOP-UUGSSKP" failures="0" tests="9" name="CukeTestngFrwk.testRunner" time="35.907" errors="0" timestamp="2021-01-10T16:25:52 EST" skipped="0">
  <testcase classname="CukeTestngFrwk.testRunner" name="runScenario" time="1.723"/>
  <system-out/>
  <testcase classname="CukeTestngFrwk.testRunner" name="runScenario" time="8.091"/>
  <system-out/>
  <testcase classname="CukeTestngFrwk.testRunner" name="runScenario" time="1.837"/>
  <system-out/>
  <testcase classname="CukeTestngFrwk.testRunner" name="runScenario" time="0.597"/>
  <system-out/>
  <testcase classname="CukeTestngFrwk.testRunner" name="runScenario" time="0.174"/>
  <system-out/>
  <testcase classname="CukeTestngFrwk.testRunner" name="runScenario" time="1.594"/>
  <system-out/>
  <testcase classname="CukeTestngFrwk.testRunner" name="runScenario" time="0.096"/>
  <system-out/>
  <testcase classname="CukeTestngFrwk.testRunner" name="runScenario" time="14.872"/>
  <system-out/>
  <testcase classname="CukeTestngFrwk.testRunner" name="runScenario" time="6.923"/>
  <system-out/>
</testsuite> <!-- CukeTestngFrwk.testRunner -->
