<?xml version="1.0" encoding="UTF-8"?>
<!-- Generated by org.testng.reporters.JUnitReportReporter -->
<testsuite hostname="DESKTOP-UUGSSKP" failures="0" tests="3" name="testcases.clientareatest" time="1.408" errors="0" timestamp="2021-01-06T14:29:05 EST" skipped="0">
  <testcase classname="testcases.clientareatest" name="clientarea" time="0.063"/>
  <system-out/>
  <testcase classname="testcases.clientareatest" name="titlestest" time="0.239"/>
  <system-out/>
  <testcase classname="testcases.clientareatest" name="servicesnavtest" time="1.106"/>
  <system-out/>
</testsuite> <!-- testcases.clientareatest -->
