<?xml version="1.0" encoding="UTF-8"?>
<!-- Generated by org.testng.reporters.JUnitReportReporter -->
<testsuite hostname="DESKTOP-UUGSSKP" failures="0" tests="3" name="testcases.loginpagetest" time="12.292" errors="0" timestamp="2021-01-06T14:29:05 EST" skipped="0">
  <testcase classname="testcases.loginpagetest" name="loginpage" time="0.036"/>
  <system-out/>
  <testcase classname="testcases.loginpagetest" name="logintest" time="1.830"/>
  <system-out/>
  <testcase classname="testcases.loginpagetest" name="logintest" time="10.426"/>
  <system-out/>
</testsuite> <!-- testcases.loginpagetest -->
