<?xml version="1.0" encoding="UTF-8"?>
<!-- Generated by org.testng.reporters.JUnitReportReporter -->
<testsuite hostname="DESKTOP-UUGSSKP" failures="0" tests="4" name="testcases.cart_test" time="0.200" errors="0" timestamp="2021-01-06T14:29:05 EST" skipped="0">
  <testcase classname="testcases.cart_test" name="allservices" time="0.027"/>
  <system-out/>
  <testcase classname="testcases.cart_test" name="productnames" time="0.073"/>
  <system-out/>
  <testcase classname="testcases.cart_test" name="productprices" time="0.065"/>
  <system-out/>
  <testcase classname="testcases.cart_test" name="ordertotal" time="0.035"/>
  <system-out/>
</testsuite> <!-- testcases.cart_test -->
