<?xml version="1.0" encoding="UTF-8"?>
<!-- Generated by org.testng.reporters.JUnitReportReporter -->
<testsuite hostname="DESKTOP-UUGSSKP" failures="0" tests="2" name="testcases.servicestest" time="12.713" errors="0" timestamp="2021-01-06T14:29:05 EST" skipped="0">
  <testcase classname="testcases.servicestest" name="allservices" time="0.026"/>
  <system-out/>
  <testcase classname="testcases.servicestest" name="addproducts" time="12.687"/>
  <system-out/>
</testsuite> <!-- testcases.servicestest -->
